{"/media/xkairo/o2/wamp64/www/Pruebas/typescript/src/ts/prueba.ts": {"path":"/media/xkairo/o2/wamp64/www/Pruebas/typescript/src/ts/prueba.ts","statementMap":{"0":{"start":{"line":2,"column":4},"end":{"line":2,"column":18}},"1":{"start":{"line":1,"column":0},"end":{"line":1,"column":24}}},"fnMap":{"0":{"name":"a","decl":{"start":{"line":1,"column":24},"end":{"line":1,"column":25}},"loc":{"start":{"line":1,"column":40},"end":{"line":3,"column":1}}}},"branchMap":{},"s":{"0":1,"1":1},"f":{"0":1},"b":{}}
}
